dowom_android/build/outputs/logs/manifest-merger-debug-report.txt
-- Merging decision tree log ---
manifest
ADDED from src\main\AndroidManifest.xml:2:1-32:12
	package
		ADDED from src\main\AndroidManifest.xml:3:5-40
		INJECTED from src\main\AndroidManifest.xml
		INJECTED from src\main\AndroidManifest.xml
	android:versionName
		ADDED from src\main\AndroidManifest.xml:5:5-30
		INJECTED from src\main\AndroidManifest.xml
		INJECTED from src\main\AndroidManifest.xml
	android:versionCode
		ADDED from src\main\AndroidManifest.xml:4:5-28
		INJECTED from src\main\AndroidManifest.xml
		INJECTED from src\main\AndroidManifest.xml
	xmlns:android
		ADDED from src\main\AndroidManifest.xml:2:11-69
uses-sdk
ADDED from src\main\AndroidManifest.xml:7:5-9:41
MERGED from [Dowom_android:unit_test:unspecified] AndroidManifest.xml:7:5-9:41
	android:targetSdkVersion
		ADDED from src\main\AndroidManifest.xml:9:9-38
		INJECTED from src\main\AndroidManifest.xml
		INJECTED from src\main\AndroidManifest.xml
	android:minSdkVersion
		ADDED from src\main\AndroidManifest.xml:8:9-35
		INJECTED from src\main\AndroidManifest.xml
		INJECTED from src\main\AndroidManifest.xml
uses-permission#android.permission.INTERNET
ADDED from src\main\AndroidManifest.xml:10:5-11:19
	android:name
		ADDED from src\main\AndroidManifest.xml:10:22-64
uses-permission#android.permission.READ_EXTERNAL_STORAGE
ADDED from src\main\AndroidManifest.xml:12:7-81
	android:name
		ADDED from src\main\AndroidManifest.xml:12:24-79
uses-permission#android.permission.WRITE_EXTERNAL_STORAGE
ADDED from src\main\AndroidManifest.xml:13:5-80
	android:name
		ADDED from src\main\AndroidManifest.xml:13:22-78
application
ADDED from src\main\AndroidManifest.xml:15:5-30:19
MERGED from [Dowom_android:unit_test:unspecified] AndroidManifest.xml:15:5-31:19
	android:label
		ADDED from src\main\AndroidManifest.xml:18:9-41
	android:allowBackup
		ADDED from src\main\AndroidManifest.xml:16:9-35
	android:icon
		ADDED from src\main\AndroidManifest.xml:17:9-45
	android:theme
		ADDED from src\main\AndroidManifest.xml:19:9-40
activity#com.example.dowom_android.MainActivity_xUtils
ADDED from src\main\AndroidManifest.xml:20:9-28:20
	android:label
		ADDED from src\main\AndroidManifest.xml:22:13-45
	android:name
		ADDED from src\main\AndroidManifest.xml:21:13-48
intent-filter#android.intent.action.MAIN+android.intent.category.LAUNCHER
ADDED from src\main\AndroidManifest.xml:23:13-27:29
action#android.intent.action.MAIN
ADDED from src\main\AndroidManifest.xml:24:17-69
	android:name
		ADDED from src\main\AndroidManifest.xml:24:25-66
category#android.intent.category.LAUNCHER
ADDED from src\main\AndroidManifest.xml:26:17-77
	android:name
		ADDED from src\main\AndroidManifest.xml:26:27-74
code
ADDED from src\main\AndroidManifest.xml:29:10-38
	class
		ADDED from src\main\AndroidManifest.xml:29:16-30
instrumentation
ADDED from [Dowom_android:unit_test:unspecified] AndroidManifest.xml:11:5-13:51
	android:targetPackage
		ADDED from [Dowom_android:unit_test:unspecified] AndroidManifest.xml:13:9-48
	android:name
		ADDED from [Dowom_android:unit_test:unspecified] AndroidManifest.xml:12:9-62
uses-library#android.test.runner
ADDED from [Dowom_android:unit_test:unspecified] AndroidManifest.xml:20:9-60
	android:name
		ADDED from [Dowom_android:unit_test:unspecified] AndroidManifest.xml:20:23-57
activity#com.itcast.test.MainActivity
ADDED from [Dowom_android:unit_test:unspecified] AndroidManifest.xml:22:9-30:20
	android:label
		ADDED from [Dowom_android:unit_test:unspecified] AndroidManifest.xml:24:13-45
	android:name
		ADDED from [Dowom_android:unit_test:unspecified] AndroidManifest.xml:23:13-56